\BOOKMARK [1][-]{section.1}{Variables}{}% 1
\BOOKMARK [2][-]{subsection.1.1}{Définition d'une variable}{section.1}% 2
\BOOKMARK [2][-]{subsection.1.2}{Variables\040locales}{section.1}% 3
\BOOKMARK [2][-]{subsection.1.3}{Opérations numériques}{section.1}% 4
\BOOKMARK [2][-]{subsection.1.4}{Overflow}{section.1}% 5
\BOOKMARK [2][-]{subsection.1.5}{Unit}{section.1}% 6
\BOOKMARK [2][-]{subsection.1.6}{Présentation du code}{section.1}% 7
\BOOKMARK [2][-]{subsection.1.7}{Réferences}{section.1}% 8
\BOOKMARK [1][-]{section.2}{Fonctions}{}% 9
\BOOKMARK [2][-]{subsection.2.1}{Utiliser\040une\040fonction}{section.2}% 10
\BOOKMARK [2][-]{subsection.2.2}{Définir une fonction}{section.2}% 11
\BOOKMARK [2][-]{subsection.2.3}{Fonctions\040anonymes}{section.2}% 12
\BOOKMARK [2][-]{subsection.2.4}{Fonctions\040de\040plusieurs\040variables}{section.2}% 13
\BOOKMARK [2][-]{subsection.2.5}{Polymorphisme}{section.2}% 14
\BOOKMARK [2][-]{subsection.2.6}{Fonction\040comme\040argument}{section.2}% 15
\BOOKMARK [2][-]{subsection.2.7}{Variable locale à une fonction}{section.2}% 16
\BOOKMARK [2][-]{subsection.2.8}{Booléens}{section.2}% 17
\BOOKMARK [2][-]{subsection.2.9}{Comparaison}{section.2}% 18
\BOOKMARK [2][-]{subsection.2.10}{Condition\040if}{section.2}% 19
\BOOKMARK [1][-]{section.3}{Récursivité}{}% 20
\BOOKMARK [1][-]{section.4}{Sous-fonction récursive}{}% 21
\BOOKMARK [1][-]{section.5}{Boucle\040for}{}% 22
\BOOKMARK [1][-]{section.6}{Boucle\040while}{}% 23
